Warning: ignoring unsupported tag `ALLOW_UNICODE_NAMES    =' at line 79, file /home/travis/build/vidavidorra/QStickyButton/docs/Doxyfile
Warning: ignoring unsupported tag `GROUP_NESTED_COMPOUNDS =' at line 361, file /home/travis/build/vidavidorra/QStickyButton/docs/Doxyfile
Warning: ignoring unsupported tag `HIDE_COMPOUND_REFERENCE=' at line 532, file /home/travis/build/vidavidorra/QStickyButton/docs/Doxyfile
Warning: ignoring unsupported tag `WARN_AS_ERROR          =' at line 756, file /home/travis/build/vidavidorra/QStickyButton/docs/Doxyfile
Warning: Tag `CLANG_ASSISTED_PARSING' at line 1073 of file /home/travis/build/vidavidorra/QStickyButton/docs/Doxyfile belongs to an option that was not enabled at compile time.
To avoid this warning please remove this line from your configuration file, upgrade it using "doxygen -u", or recompile doxygen with this feature enabled.
Warning: Tag `CLANG_OPTIONS' at line 1081 of file /home/travis/build/vidavidorra/QStickyButton/docs/Doxyfile belongs to an option that was not enabled at compile time.
To avoid this warning please remove this line from your configuration file, upgrade it using "doxygen -u", or recompile doxygen with this feature enabled.
Warning: ignoring unsupported tag `LATEX_EXTRA_STYLESHEET =' at line 1753, file /home/travis/build/vidavidorra/QStickyButton/docs/Doxyfile
Warning: ignoring unsupported tag `LATEX_TIMESTAMP        =' at line 1820, file /home/travis/build/vidavidorra/QStickyButton/docs/Doxyfile
Warning: ignoring unsupported tag `RTF_SOURCE_CODE        =' at line 1886, file /home/travis/build/vidavidorra/QStickyButton/docs/Doxyfile
Warning: ignoring unsupported tag `MAN_SUBDIR             =' at line 1921, file /home/travis/build/vidavidorra/QStickyButton/docs/Doxyfile
Warning: ignoring unsupported tag `DOCBOOK_PROGRAMLISTING =' at line 1984, file /home/travis/build/vidavidorra/QStickyButton/docs/Doxyfile
Warning: ignoring unsupported tag `PLANTUML_JAR_PATH      =' at line 2413, file /home/travis/build/vidavidorra/QStickyButton/docs/Doxyfile
Warning: ignoring unsupported tag `PLANTUML_INCLUDE_PATH  =' at line 2418, file /home/travis/build/vidavidorra/QStickyButton/docs/Doxyfile
Searching for include files...
Searching for example files...
Searching for images...
Searching for files in directory /home/travis/build/vidavidorra/QStickyButton/docs/img
Searching for dot files...
Searching for msc files...
Searching for dia files...
Searching for files to exclude
Searching for files to process...
Searching for files in directory /home/travis/build/vidavidorra/QStickyButton/source
Searching for files in directory /home/travis/build/vidavidorra/QStickyButton/source/src
Searching for files in directory /home/travis/build/vidavidorra/QStickyButton/docs
Searching for files in directory /home/travis/build/vidavidorra/QStickyButton/docs/img
Reading and parsing tag files
Parsing files
Preprocessing /home/travis/build/vidavidorra/QStickyButton/source/MainWindow.h...
Parsing file /home/travis/build/vidavidorra/QStickyButton/source/MainWindow.h...
Preprocessing /home/travis/build/vidavidorra/QStickyButton/source/QStickyButton.h...
Parsing file /home/travis/build/vidavidorra/QStickyButton/source/QStickyButton.h...
Preprocessing /home/travis/build/vidavidorra/QStickyButton/source/src/MainWindow.cpp...
Parsing file /home/travis/build/vidavidorra/QStickyButton/source/src/MainWindow.cpp...
Preprocessing /home/travis/build/vidavidorra/QStickyButton/source/src/QStickyButton.cpp...
Parsing file /home/travis/build/vidavidorra/QStickyButton/source/src/QStickyButton.cpp...
Preprocessing /home/travis/build/vidavidorra/QStickyButton/docs/license.dox...
Parsing file /home/travis/build/vidavidorra/QStickyButton/docs/license.dox...
Preprocessing /home/travis/build/vidavidorra/QStickyButton/docs/mainpage.dox...
Parsing file /home/travis/build/vidavidorra/QStickyButton/docs/mainpage.dox...
Building group list...
Building directory list...
Building namespace list...
Building file list...
Building class list...
Associating documentation with classes...
Computing nesting relations for classes...
Building example list...
Searching for enumerations...
Searching for documented typedefs...
Searching for members imported via using declarations...
Searching for included using directives...
Searching for documented variables...
Building interface member list...
Building member list...
Searching for friends...
Searching for documented defines...
Computing class inheritance relations...
Computing class usage relations...
Flushing cached template relations that have become invalid...
Creating members for template instances...
Computing class relations...
Add enum values to enums...
Searching for member function documentation...
Building page list...
Search for main page...
Computing page relations...
Determining the scope of groups...
Sorting lists...
Freeing entry tree
Determining which enums are documented
Computing member relations...
Building full member lists recursively...
Adding members to member groups.
Computing member references...
Inheriting documentation...
Generating disk names...
Adding source references...
Adding xrefitems...
Sorting member lists...
Computing dependencies between directories...
Generating citations page...
Counting data structures...
Resolving user defined references...
Finding anchors and sections in the documentation...
Transferring function references...
Combining using relations...
Adding members to index pages...
Generating style sheet...
Generating search indices...
Generating example documentation...
Generating file sources...
Generating code for file source/MainWindow.h...
Generating code for file source/QStickyButton.h...
Generating code for file source/src/MainWindow.cpp...
Generating code for file source/src/QStickyButton.cpp...
Generating file documentation...
Generating docs for file source/MainWindow.h...
Generating docs for file source/QStickyButton.h...
Generating docs for file source/src/MainWindow.cpp...
Generating docs for file source/src/QStickyButton.cpp...
Generating page documentation...
Generating docs for page license...
Generating group documentation...
Generating class documentation...
Generating docs for compound MainWindow...
Generating docs for compound QStickyButton...
Generating namespace index...
Generating graph info page...
Generating directory documentation...
Generating dependency graph for directory source
Generating dependency graph for directory source/src
Generating index page...
Generating page index...
Generating module index...
Generating namespace index...
Generating namespace member index...
Generating annotated compound index...
Generating alphabetical compound index...
Generating hierarchical class index...
Generating graphical class hierarchy...
Generating member index...
Generating file index...
Generating file member index...
Generating example index...
finalizing index lists...
Running dot...
Generating dot graphs using 3 parallel threads...
Running dot for graph 1/27
Running dot for graph 2/27
Running dot for graph 3/27
Running dot for graph 4/27
Running dot for graph 5/27
Running dot for graph 6/27
Running dot for graph 7/27
Running dot for graph 8/27
Running dot for graph 9/27
Running dot for graph 10/27
Running dot for graph 11/27
Running dot for graph 12/27
Running dot for graph 13/27
Running dot for graph 14/27
Running dot for graph 15/27
Running dot for graph 16/27
Running dot for graph 17/27
Running dot for graph 18/27
Running dot for graph 19/27
Running dot for graph 20/27
Running dot for graph 21/27
Running dot for graph 22/27
Running dot for graph 23/27
Running dot for graph 24/27
Running dot for graph 25/27
Running dot for graph 26/27
Running dot for graph 27/27
Patching output file 1/17
Patching output file 2/17
Patching output file 3/17
Patching output file 4/17
Patching output file 5/17
Patching output file 6/17
Patching output file 7/17
Patching output file 8/17
Patching output file 9/17
Patching output file 10/17
Patching output file 11/17
Patching output file 12/17
Patching output file 13/17
Patching output file 14/17
Patching output file 15/17
Patching output file 16/17
Patching output file 17/17
lookup cache used 57/65536 hits=442 misses=58
finished...
